<?xml version="1.0" encoding="utf-8"?><testsuites name="pytest tests"><testsuite name="pytest" errors="0" failures="0" skipped="0" tests="44" time="9.860" timestamp="2026-06-29T20:25:05.577054+00:00" hostname="agent-env-ec41fa6e-85c2-4338-bc7b-802f6eae1adb"><testcase classname="tests.test_drive_export.TestDriveCallback" name="test_callback_requires_auth" time="0.466" /><testcase classname="tests.test_tani_journal.TestAuth" name="test_login_demo" time="0.468" /><testcase classname="tests.test_tani_journal.TestAuth" name="test_login_invalid" time="0.333" /><testcase classname="tests.test_tani_journal.TestAuth" name="test_register_and_login" time="0.597" /><testcase classname="tests.test_drive_export.TestDriveCallback" name="test_callback_bad_code_returns_400" time="1.019" /><testcase classname="tests.test_tani_journal.TestAuth" name="test_me_with_bearer" time="0.114" /><testcase classname="tests.test_drive_export.TestDriveCallback" name="test_callback_state_mismatch_returns_400" time="0.115" /><testcase classname="tests.test_tani_journal.TestAuth" name="test_me_without_token" time="0.134" /><testcase classname="tests.test_drive_export.TestDriveCallback" name="test_callback_missing_code_returns_422" time="0.123" /><testcase classname="tests.test_tani_journal.TestAuth" name="test_logout" time="0.607" /><testcase classname="tests.test_drive_export.TestExportDrive" name="test_export_requires_auth" time="0.455" /><testcase classname="tests.test_drive_export.TestExportDrive" name="test_export_nonexistent_post_404" time="0.140" /><testcase classname="tests.test_tani_journal.TestAuth" name="test_emergent_session_fake_rejected" time="0.399" /><testcase classname="tests.test_drive_export.TestExportDrive" name="test_export_other_users_post_403" time="0.438" /><testcase classname="tests.test_tani_journal.TestAuth" name="test_emergent_session_missing_id" time="0.176" /><testcase classname="tests.test_drive_export.TestExportDrive" name="test_export_not_connected_400" time="0.310" /><testcase classname="tests.test_tani_journal.TestPostsCRUD" name="test_list_public_no_auth" time="0.107" /><testcase classname="tests.test_tani_journal.TestPostsCRUD" name="test_unauth_create_rejected" time="0.099" /><testcase classname="tests.test_tani_journal.TestPostsCRUD" name="test_full_crud_and_visibility" time="2.184" /><testcase classname="tests.test_uploads_profile.TestUpload" name="test_upload_png_success" time="1.027" /><testcase classname="tests.test_uploads_profile.TestUpload" name="test_upload_requires_auth" time="0.111" /><testcase classname="tests.test_uploads_profile.TestUpload" name="test_upload_rejects_text" time="0.117" /><testcase classname="tests.test_uploads_profile.TestUpload" name="test_upload_rejects_oversize" time="0.416" /><testcase classname="tests.test_tani_journal.TestPresence" name="test_heartbeat" time="0.462" /><testcase classname="tests.test_tani_journal.TestPresence" name="test_heartbeat_requires_auth" time="0.174" /><testcase classname="tests.test_tani_journal.TestPostsCRUD" name="test_list_query_params" time="0.530" /><testcase classname="tests.test_tani_journal.TestPresence" name="test_status_returns_online_after_heartbeat" time="0.314" /><testcase classname="tests.test_drive_export.TestDriveConnect" name="test_connect_requires_auth" time="0.286" /><testcase classname="tests.test_tani_journal.TestCommentsReports" name="test_comment_flow" time="0.903" /><testcase classname="tests.test_drive_export.TestDriveConnect" name="test_connect_returns_authorization_url" time="0.527" /><testcase classname="tests.test_drive_export.TestDriveConnect" name="test_connect_url_scope_url_encoded" time="0.106" /><testcase classname="tests.test_tani_journal.TestCommentsReports" name="test_comment_unauth" time="0.126" /><testcase classname="tests.test_tani_journal.TestProfile" name="test_get_user" time="0.098" /><testcase classname="tests.test_tani_journal.TestCommentsReports" name="test_report_post" time="0.255" /><testcase classname="tests.test_tani_journal.TestProfile" name="test_get_user_posts_only_public" time="0.818" /><testcase classname="tests.test_drive_export.TestDriveStatus" name="test_status_requires_auth" time="0.102" /><testcase classname="tests.test_drive_export.TestDriveStatus" name="test_status_initial" time="0.456" /><testcase classname="tests.test_tani_journal.TestProfile" name="test_tags_endpoint" time="0.281" /><testcase classname="tests.test_drive_export.TestDriveDisconnect" name="test_disconnect_requires_auth" time="0.187" /><testcase classname="tests.test_uploads_profile.TestFilesDownload" name="test_download_uploaded_png" time="1.091" /><testcase classname="tests.test_drive_export.TestDriveDisconnect" name="test_disconnect_idempotent_when_not_connected" time="0.673" /><testcase classname="tests.test_uploads_profile.TestFilesDownload" name="test_download_nonexistent" time="0.122" /><testcase classname="tests.test_uploads_profile.TestProfileUpdate" name="test_update_requires_auth" time="0.097" /><testcase classname="tests.test_uploads_profile.TestProfileUpdate" name="test_update_name_bio_picture_persists" time="0.417" /></testsuite></testsuites>