<?xml version="1.0" encoding="utf-8"?><testsuites name="pytest tests"><testsuite name="pytest" errors="0" failures="0" skipped="0" tests="44" time="9.799" timestamp="2026-06-29T20:14:55.376120+00:00" hostname="agent-env-ec41fa6e-85c2-4338-bc7b-802f6eae1adb"><testcase classname="tests.test_drive_export.TestDriveCallback" name="test_callback_requires_auth" time="0.229" /><testcase classname="tests.test_tani_journal.TestAuth" name="test_login_demo" time="0.700" /><testcase classname="tests.test_tani_journal.TestAuth" name="test_login_invalid" time="0.330" /><testcase classname="tests.test_drive_export.TestDriveCallback" name="test_callback_bad_code_returns_400" time="0.888" /><testcase classname="tests.test_tani_journal.TestAuth" name="test_register_and_login" time="0.538" /><testcase classname="tests.test_drive_export.TestDriveCallback" name="test_callback_state_mismatch_returns_400" time="0.253" /><testcase classname="tests.test_drive_export.TestDriveCallback" name="test_callback_missing_code_returns_422" time="0.104" /><testcase classname="tests.test_tani_journal.TestAuth" name="test_me_with_bearer" time="0.106" /><testcase classname="tests.test_drive_export.TestExportDrive" name="test_export_requires_auth" time="0.258" /><testcase classname="tests.test_tani_journal.TestAuth" name="test_me_without_token" time="0.111" /><testcase classname="tests.test_drive_export.TestExportDrive" name="test_export_nonexistent_post_404" time="0.113" /><testcase classname="tests.test_tani_journal.TestAuth" name="test_logout" time="0.783" /><testcase classname="tests.test_drive_export.TestExportDrive" name="test_export_other_users_post_403" time="0.617" /><testcase classname="tests.test_drive_export.TestExportDrive" name="test_export_not_connected_400" time="0.446" /><testcase classname="tests.test_tani_journal.TestAuth" name="test_emergent_session_fake_rejected" time="0.257" /><testcase classname="tests.test_tani_journal.TestAuth" name="test_emergent_session_missing_id" time="0.096" /><testcase classname="tests.test_tani_journal.TestPostsCRUD" name="test_list_public_no_auth" time="0.100" /><testcase classname="tests.test_tani_journal.TestPostsCRUD" name="test_unauth_create_rejected" time="0.277" /><testcase classname="tests.test_uploads_profile.TestUpload" name="test_upload_png_success" time="1.022" /><testcase classname="tests.test_uploads_profile.TestUpload" name="test_upload_requires_auth" time="0.144" /><testcase classname="tests.test_uploads_profile.TestUpload" name="test_upload_rejects_text" time="0.296" /><testcase classname="tests.test_tani_journal.TestPostsCRUD" name="test_full_crud_and_visibility" time="2.707" /><testcase classname="tests.test_uploads_profile.TestUpload" name="test_upload_rejects_oversize" time="0.602" /><testcase classname="tests.test_tani_journal.TestPresence" name="test_heartbeat" time="0.143" /><testcase classname="tests.test_tani_journal.TestPresence" name="test_heartbeat_requires_auth" time="0.122" /><testcase classname="tests.test_tani_journal.TestPresence" name="test_status_returns_online_after_heartbeat" time="0.401" /><testcase classname="tests.test_tani_journal.TestPostsCRUD" name="test_list_query_params" time="0.536" /><testcase classname="tests.test_tani_journal.TestCommentsReports" name="test_comment_flow" time="0.934" /><testcase classname="tests.test_drive_export.TestDriveConnect" name="test_connect_requires_auth" time="0.107" /><testcase classname="tests.test_tani_journal.TestCommentsReports" name="test_comment_unauth" time="0.106" /><testcase classname="tests.test_tani_journal.TestCommentsReports" name="test_report_post" time="0.400" /><testcase classname="tests.test_drive_export.TestDriveConnect" name="test_connect_returns_authorization_url" time="0.482" /><testcase classname="tests.test_tani_journal.TestProfile" name="test_get_user" time="0.105" /><testcase classname="tests.test_drive_export.TestDriveConnect" name="test_connect_url_scope_url_encoded" time="0.104" /><testcase classname="tests.test_tani_journal.TestProfile" name="test_get_user_posts_only_public" time="0.720" /><testcase classname="tests.test_drive_export.TestDriveStatus" name="test_status_requires_auth" time="0.142" /><testcase classname="tests.test_drive_export.TestDriveStatus" name="test_status_initial" time="0.107" /><testcase classname="tests.test_tani_journal.TestProfile" name="test_tags_endpoint" time="0.246" /><testcase classname="tests.test_uploads_profile.TestFilesDownload" name="test_download_uploaded_png" time="0.987" /><testcase classname="tests.test_drive_export.TestDriveDisconnect" name="test_disconnect_requires_auth" time="0.108" /><testcase classname="tests.test_uploads_profile.TestFilesDownload" name="test_download_nonexistent" time="0.248" /><testcase classname="tests.test_drive_export.TestDriveDisconnect" name="test_disconnect_idempotent_when_not_connected" time="0.533" /><testcase classname="tests.test_uploads_profile.TestProfileUpdate" name="test_update_requires_auth" time="0.099" /><testcase classname="tests.test_uploads_profile.TestProfileUpdate" name="test_update_name_bio_picture_persists" time="0.407" /></testsuite></testsuites>